<?xml version="1.0" encoding="UTF-8" ?>
<testsuite failures="0" time="0.148" errors="0" skipped="0" tests="8" name="com.saavis.challenge.manager.AllocationManagerTest">
  <properties>
    <property name="java.runtime.name" value="Java(TM) SE Runtime Environment"/>
    <property name="sun.boot.library.path" value="C:\JAVA\jdk1.7.0_01\jre\bin"/>
    <property name="java.vm.version" value="21.1-b02"/>
    <property name="java.vm.vendor" value="Oracle Corporation"/>
    <property name="java.vendor.url" value="http://java.oracle.com/"/>
    <property name="path.separator" value=";"/>
    <property name="java.vm.name" value="Java HotSpot(TM) 64-Bit Server VM"/>
    <property name="file.encoding.pkg" value="sun.io"/>
    <property name="user.script" value=""/>
    <property name="user.country" value="US"/>
    <property name="sun.java.launcher" value="SUN_STANDARD"/>
    <property name="sun.os.patch.level" value="Service Pack 1"/>
    <property name="java.vm.specification.name" value="Java Virtual Machine Specification"/>
    <property name="user.dir" value="C:\Examples\CodingChallenge"/>
    <property name="java.runtime.version" value="1.7.0_01-b08"/>
    <property name="java.awt.graphicsenv" value="sun.awt.Win32GraphicsEnvironment"/>
    <property name="basedir" value="C:\Examples\CodingChallenge"/>
    <property name="java.endorsed.dirs" value="C:\JAVA\jdk1.7.0_01\jre\lib\endorsed"/>
    <property name="os.arch" value="amd64"/>
    <property name="surefire.real.class.path" value="C:\Examples\CodingChallenge\target\surefire\surefirebooter6528831045514441644.jar"/>
    <property name="java.io.tmpdir" value="C:\Users\skurashe\AppData\Local\Temp\"/>
    <property name="line.separator" value="
"/>
    <property name="java.vm.specification.vendor" value="Oracle Corporation"/>
    <property name="user.variant" value=""/>
    <property name="os.name" value="Windows 7"/>
    <property name="sun.jnu.encoding" value="Cp1252"/>
    <property name="java.library.path" value="C:\JAVA\jdk1.7.0_01\jre\bin;C:\Windows\Sun\Java\bin;C:\Windows\system32;C:\Windows;C:\JAVA\jdk1.7.0_01\BIN;C:\Program Files (x86)\cvsnt;C:\cygwin\bin;C:\Windows\system32;C:\Windows;C:\Windows\System32\Wbem;C:\Program Files (x86)\TortoiseHg\;C:\Program Files (x86)\NTRU Cryptosystems\NTRU TCG Software Stack\bin\;C:\Program Files\NTRU Cryptosystems\NTRU TCG Software Stack\bin\;C:\Program Files\Dell\Dell Data Protection\Access\Advanced\Wave\Gemalto\Access Client\v5\;C:\installs\grails-2.1.0\bin;C:\apache-maven-3.0.3\BIN;C:\Program Files\TortoiseHg\;C:\installs\ant\apache-ant-1.8.3\bin;C:\Program Files\MySQL\MySQL Server 5.5\bin;C:\dev\gradle-1.2\bin;C:\vagrant\vagrant\bin;C:\Program Files\nodejs\;C:\Python27;C:\Python27\Lib\site-packages;C:\Python27\Scripts;C:\Program Files\Microsoft\Web Platform Installer\;C:\Program Files\Microsoft SQL Server\110\Tools\Binn\;C:\Windows\System32\WindowsPowerShell\v1.0\;C:\Program Files (x86)\Microsoft SDKs\Windows Azure\CLI\wbin;C:\Users\skurashe\AppData\Roaming\npm;."/>
    <property name="surefire.test.class.path" value="C:\Examples\CodingChallenge\target\test-classes;C:\Examples\CodingChallenge\target\classes;C:\Users\skurashe\.m2\repository\junit\junit\4.8.2\junit-4.8.2.jar;"/>
    <property name="java.specification.name" value="Java Platform API Specification"/>
    <property name="java.class.version" value="51.0"/>
    <property name="sun.management.compiler" value="HotSpot 64-Bit Tiered Compilers"/>
    <property name="os.version" value="6.1"/>
    <property name="user.home" value="C:\Users\skurashe"/>
    <property name="user.timezone" value=""/>
    <property name="java.awt.printerjob" value="sun.awt.windows.WPrinterJob"/>
    <property name="java.specification.version" value="1.7"/>
    <property name="file.encoding" value="Cp1252"/>
    <property name="user.name" value="skurashe"/>
    <property name="java.class.path" value="C:\Examples\CodingChallenge\target\test-classes;C:\Examples\CodingChallenge\target\classes;C:\Users\skurashe\.m2\repository\junit\junit\4.8.2\junit-4.8.2.jar;"/>
    <property name="java.vm.specification.version" value="1.7"/>
    <property name="sun.arch.data.model" value="64"/>
    <property name="java.home" value="C:\JAVA\jdk1.7.0_01\jre"/>
    <property name="sun.java.command" value="C:\Examples\CodingChallenge\target\surefire\surefirebooter6528831045514441644.jar C:\Examples\CodingChallenge\target\surefire\surefire3556644689807233042tmp C:\Examples\CodingChallenge\target\surefire\surefire4697960633241589946tmp"/>
    <property name="java.specification.vendor" value="Oracle Corporation"/>
    <property name="user.language" value="en"/>
    <property name="awt.toolkit" value="sun.awt.windows.WToolkit"/>
    <property name="java.vm.info" value="mixed mode"/>
    <property name="java.version" value="1.7.0_01"/>
    <property name="java.ext.dirs" value="C:\JAVA\jdk1.7.0_01\jre\lib\ext;C:\Windows\Sun\Java\lib\ext"/>
    <property name="sun.boot.class.path" value="C:\JAVA\jdk1.7.0_01\jre\lib\resources.jar;C:\JAVA\jdk1.7.0_01\jre\lib\rt.jar;C:\JAVA\jdk1.7.0_01\jre\lib\sunrsasign.jar;C:\JAVA\jdk1.7.0_01\jre\lib\jsse.jar;C:\JAVA\jdk1.7.0_01\jre\lib\jce.jar;C:\JAVA\jdk1.7.0_01\jre\lib\charsets.jar;C:\JAVA\jdk1.7.0_01\jre\classes"/>
    <property name="java.vendor" value="Oracle Corporation"/>
    <property name="localRepository" value="C:\Users\skurashe\.m2\repository"/>
    <property name="file.separator" value="\"/>
    <property name="java.vendor.url.bug" value="http://bugreport.sun.com/bugreport/"/>
    <property name="sun.cpu.endian" value="little"/>
    <property name="sun.io.unicode.encoding" value="UnicodeLittle"/>
    <property name="sun.desktop" value="windows"/>
    <property name="sun.cpu.isalist" value="amd64"/>
  </properties>
  <testcase time="0.002" classname="com.saavis.challenge.manager.AllocationManagerTest" name="testAddNullEmployee"/>
  <testcase time="0.055" classname="com.saavis.challenge.manager.AllocationManagerTest" name="testAddAndGetEmployeeByID"/>
  <testcase time="0" classname="com.saavis.challenge.manager.AllocationManagerTest" name="testAddNullDepartment"/>
  <testcase time="0.001" classname="com.saavis.challenge.manager.AllocationManagerTest" name="testAddAndGetDepartmentByID"/>
  <testcase time="0" classname="com.saavis.challenge.manager.AllocationManagerTest" name="testGetAllocationWithNullEmployeeID"/>
  <testcase time="0" classname="com.saavis.challenge.manager.AllocationManagerTest" name="testGetAllocationWithNullDepartmentID"/>
  <testcase time="0.001" classname="com.saavis.challenge.manager.AllocationManagerTest" name="testGetAllocationByEmployeeID"/>
  <testcase time="0" classname="com.saavis.challenge.manager.AllocationManagerTest" name="testGetAllocationByDepartmentID"/>
</testsuite>